<?xml version="1.0" encoding="UTF-8"?>
<testsuite name="com.demo.intellij.MoodAnalyserTest" tests="1" skipped="0" failures="0" errors="0" timestamp="2020-10-06T09:45:15" hostname="LAPTOP-OULI8K5P" time="0.001">
  <properties/>
  <testcase name="given2Numbers_whenAdded_shouldReturnSum" classname="com.demo.intellij.MoodAnalyserTest" time="0.001"/>
  <system-out><![CDATA[]]></system-out>
  <system-err><![CDATA[]]></system-err>
</testsuite>
